\BOOKMARK [0][-]{chapter.1}{Introduction and Background Research}{}% 1
\BOOKMARK [1][-]{section.1.1}{Introduction}{chapter.1}% 2
\BOOKMARK [1][-]{section.1.2}{Reinforcement Learning}{chapter.1}% 3
\BOOKMARK [2][-]{subsection.1.2.1}{Markov Decision Processes}{section.1.2}% 4
\BOOKMARK [2][-]{subsection.1.2.2}{Model-Free RL}{section.1.2}% 5
\BOOKMARK [2][-]{subsection.1.2.3}{Model-Based RL}{section.1.2}% 6
\BOOKMARK [2][-]{subsection.1.2.4}{Dynamic Programming}{section.1.2}% 7
\BOOKMARK [3][-]{subsubsection.1.2.4.1}{Policy Iteration}{subsection.1.2.4}% 8
\BOOKMARK [3][-]{subsubsection.1.2.4.2}{Value Iteration}{subsection.1.2.4}% 9
\BOOKMARK [2][-]{subsection.1.2.5}{Temporal Difference Learning}{section.1.2}% 10
\BOOKMARK [3][-]{subsubsection.1.2.5.1}{Q-Learning: Off-Policy TD-Learning}{subsection.1.2.5}% 11
\BOOKMARK [3][-]{subsubsection.1.2.5.2}{SARSA: On-Policy TD-Learning}{subsection.1.2.5}% 12
\BOOKMARK [1][-]{section.1.3}{Planning}{chapter.1}% 13
\BOOKMARK [2][-]{subsection.1.3.1}{A* Search}{section.1.3}% 14
\BOOKMARK [1][-]{section.1.4}{Exploration in Reinforcement Learning}{chapter.1}% 15
\BOOKMARK [2][-]{subsection.1.4.1}{Random}{section.1.4}% 16
\BOOKMARK [2][-]{subsection.1.4.2}{Optimism}{section.1.4}% 17
\BOOKMARK [2][-]{subsection.1.4.3}{Intrinsically Motivated}{section.1.4}% 18
\BOOKMARK [2][-]{subsection.1.4.4}{Deliberate}{section.1.4}% 19
\BOOKMARK [1][-]{section.1.5}{Related Work \(Planning and Learning\)}{chapter.1}% 20
\BOOKMARK [0][-]{chapter.2}{Methods}{}% 21
\BOOKMARK [1][-]{section.2.1}{Notation and Formalisms}{chapter.2}% 22
\BOOKMARK [1][-]{section.2.2}{Method Definition}{chapter.2}% 23
\BOOKMARK [1][-]{section.2.3}{Proof of Convergence}{chapter.2}% 24
\BOOKMARK [0][-]{chapter.3}{Results}{}% 25
\BOOKMARK [1][-]{section.3.1}{A section}{chapter.3}% 26
\BOOKMARK [2][-]{subsection.3.1.1}{A sub-section}{section.3.1}% 27
\BOOKMARK [1][-]{section.3.2}{Another section}{chapter.3}% 28
\BOOKMARK [0][-]{chapter.4}{Discussion}{}% 29
\BOOKMARK [1][-]{section.4.1}{Conclusions}{chapter.4}% 30
\BOOKMARK [1][-]{section.4.2}{Ideas for future work}{chapter.4}% 31
\BOOKMARK [0][-]{section.4.2}{References}{}% 32
\BOOKMARK [0][-]{section*.3}{Appendices}{}% 33
\BOOKMARK [0][-]{appendix.a.A}{Self-appraisal}{}% 34
\BOOKMARK [1][-]{section.a.A.1}{Critical self-evaluation}{appendix.a.A}% 35
\BOOKMARK [1][-]{section.a.A.2}{Personal reflection and lessons learned}{appendix.a.A}% 36
\BOOKMARK [1][-]{section.a.A.3}{Legal, social, ethical and professional issues}{appendix.a.A}% 37
\BOOKMARK [2][-]{subsection.a.A.3.1}{Legal issues}{section.a.A.3}% 38
\BOOKMARK [2][-]{subsection.a.A.3.2}{Social issues}{section.a.A.3}% 39
\BOOKMARK [2][-]{subsection.a.A.3.3}{Ethical issues}{section.a.A.3}% 40
\BOOKMARK [2][-]{subsection.a.A.3.4}{Professional issues}{section.a.A.3}% 41
\BOOKMARK [0][-]{appendix.a.B}{External Material}{}% 42
